2016-11-08 16:22:05
commoncgi.dev.wepiao.com/vote-manager/del
2016-11-08 16:22:05
{"voteId":"30","arrMovieIds":[],"arrAnswerIds":["37","38"]}
2016-11-08 16:22:05
false
2016-11-08 16:22:12
commoncgi.dev.wepiao.com/vote-manager/del
2016-11-08 16:22:12
{"voteId":"26","arrMovieIds":[],"arrAnswerIds":["31","32"]}
2016-11-08 16:22:12
false
2016-11-08 16:22:16
commoncgi.dev.wepiao.com/vote-manager/del
2016-11-08 16:22:16
{"voteId":"24","arrMovieIds":[],"arrAnswerIds":[]}
2016-11-08 16:22:16
false
2016-11-08 16:22:19
commoncgi.dev.wepiao.com/vote-manager/del
2016-11-08 16:22:19
{"voteId":"23","arrMovieIds":[],"arrAnswerIds":[]}
2016-11-08 16:22:19
false
2016-11-08 16:29:49
commoncgi.dev.wepiao.com/vote-manager/del
2016-11-08 16:29:49
{"voteId":"31","arrMovieIds":[],"arrAnswerIds":[]}
2016-11-08 16:29:49
false
2016-11-08 16:43:34
commoncgi.dev.wepiao.com/vote-manager/del
2016-11-08 16:43:34
{"voteId":"27","arrMovieIds":[],"arrAnswerIds":[]}
2016-11-08 16:43:34
false
2016-11-08 17:06:35
commoncgi.dev.wepiao.com/vote-manager/del
2016-11-08 17:06:35
{"voteId":"25","arrMovieIds":["6033"],"arrAnswerIds":[]}
2016-11-08 17:06:35
false
2016-11-08 17:06:47
commoncgi.dev.wepiao.com/vote-manager/del
2016-11-08 17:06:47
{"voteId":"22","arrMovieIds":[],"arrAnswerIds":[]}
2016-11-08 17:06:47
false
2016-11-08 17:06:49
commoncgi.dev.wepiao.com/vote-manager/del
2016-11-08 17:06:49
{"voteId":"20","arrMovieIds":[],"arrAnswerIds":[]}
2016-11-08 17:06:49
false
2016-11-08 17:08:24
commoncgi.dev.wepiao.com/vote-manager/del
2016-11-08 17:08:24
{"voteId":"12","arrMovieIds":["6033"],"arrAnswerIds":[]}
2016-11-08 17:08:24
false
