2016-11-09 11:30:17
commoncgi.dev.wepiao.com/vote-manager/save-vote-movie
2016-11-09 11:30:17
{"id":"11","movie_ids":["6033"]}
2016-11-09 11:30:17
false
2016-11-09 11:30:25
commoncgi.dev.wepiao.com/vote-manager/save-vote-movie
2016-11-09 11:30:25
{"id":"11","movie_ids":["6033"]}
2016-11-09 11:30:25
false
2016-11-09 11:39:40
commoncgi.dev.wepiao.com/vote-manager/save-vote-movie
2016-11-09 11:39:40
{"id":"11","movie_ids":["6033"]}
2016-11-09 11:39:40
false
2016-11-09 17:54:09
commoncgi.dev.wepiao.com/vote-manager/save-vote-movie
2016-11-09 17:54:09
{"id":"32","movie_ids":[]}
2016-11-09 17:54:09
false
