2016-11-08 10:02:32
commoncgi.dev.wepiao.com/vote-manager/save-vote-movie
2016-11-08 10:02:32
{"id":"10","movie_ids":["6033"]}
2016-11-08 10:02:32
false
2016-11-08 10:05:18
commoncgi.dev.wepiao.com/vote-manager/save-vote-movie
2016-11-08 10:05:18
{"id":"10","movie_ids":["6033"]}
2016-11-08 10:05:18
false
2016-11-08 10:19:57
commoncgi.dev.wepiao.com/vote-manager/save-vote-movie
2016-11-08 10:19:57
{"id":"11","movie_ids":["6033"]}
2016-11-08 10:19:57
false
2016-11-08 10:29:52
commoncgi.dev.wepiao.com/vote-manager/save-vote-movie
2016-11-08 10:29:52
{"id":"11","movie_ids":["6033"]}
2016-11-08 10:29:52
false
2016-11-08 10:43:05
commoncgi.dev.wepiao.com/vote-manager/save-vote-movie
2016-11-08 10:43:05
{"id":"12","movie_ids":["6033"]}
2016-11-08 10:43:05
false
2016-11-08 11:14:51
commoncgi.dev.wepiao.com/vote-manager/save-vote-movie
2016-11-08 11:14:51
{"id":"13","movie_ids":["6033"]}
2016-11-08 11:14:51
false
2016-11-08 12:14:03
commoncgi.dev.wepiao.com/vote-manager/save-vote-movie
2016-11-08 12:14:03
{"id":"14","movie_ids":[]}
2016-11-08 12:14:03
false
2016-11-08 12:14:46
commoncgi.dev.wepiao.com/vote-manager/save-vote-movie
2016-11-08 12:14:46
{"id":"15","movie_ids":["6033"]}
2016-11-08 12:14:46
false
2016-11-08 14:51:51
commoncgi.dev.wepiao.com/vote-manager/save-vote-movie
2016-11-08 14:51:51
{"id":"16","movie_ids":["6033"]}
2016-11-08 14:51:51
false
2016-11-08 15:03:46
commoncgi.dev.wepiao.com/vote-manager/save-vote-movie
2016-11-08 15:03:46
{"id":"17","movie_ids":[]}
2016-11-08 15:03:46
false
2016-11-08 15:24:53
commoncgi.dev.wepiao.com/vote-manager/save-vote-movie
2016-11-08 15:24:53
{"id":"26","movie_ids":[]}
2016-11-08 15:24:53
false
2016-11-08 15:48:35
commoncgi.dev.wepiao.com/vote-manager/save-vote-movie
2016-11-08 15:48:35
{"id":"28","movie_ids":["6033"]}
2016-11-08 15:48:37
false
2016-11-08 15:54:03
commoncgi.dev.wepiao.com/vote-manager/save-vote-movie
2016-11-08 15:54:03
{"id":"29","movie_ids":["6033"]}
2016-11-08 15:54:03
false
2016-11-08 16:16:03
commoncgi.dev.wepiao.com/vote-manager/save-vote-movie
2016-11-08 16:16:03
{"id":"30","movie_ids":[]}
2016-11-08 16:16:03
false
2016-11-08 16:38:30
commoncgi.dev.wepiao.com/vote-manager/save-vote-movie
2016-11-08 16:38:30
{"id":"29","movie_ids":["6033"]}
2016-11-08 16:38:30
false
2016-11-08 16:43:46
commoncgi.dev.wepiao.com/vote-manager/save-vote-movie
2016-11-08 16:43:46
{"id":"28","movie_ids":["6033"]}
2016-11-08 16:43:47
false
2016-11-08 17:06:24
commoncgi.dev.wepiao.com/vote-manager/save-vote-movie
2016-11-08 17:06:24
{"id":"25","movie_ids":["6033"]}
2016-11-08 17:06:24
false
2016-11-08 17:30:02
commoncgi.dev.wepiao.com/vote-manager/save-vote-movie
2016-11-08 17:30:02
{"id":"11","movie_ids":["6033"]}
2016-11-08 17:30:02
false
