2016-11-07 14:37:32
commoncgi.dev.wepiao.com/vote-manager/update
2016-11-07 14:37:32
{"arrVoteData":{"id":"1","name":"\u6295\u7968\u540d\u79f0 genggai","endTime":1472009343,"picture":"\/uploads\/vote\/1\/66d7b29ffdbf50028c4a8ec03523f7a1.jpg","sharePicture":"\/uploads\/vote\/1\/e59690d67c01a2ce69517b13e349ee13.jpg","shareTitle":"\u5206\u4eab\u6807\u9898 ","shareContent":"\u5206\u4eab\u5185\u5bb9 ","sharePlatform":"[\"1\",\"2\"]","type":"3"},"arrMoviesData":["6033"],"arrAnswerData":[{"id":"1","fill":"0"},{"id":"2","fill":"0"}],"arrDelMovieIds":["6033"],"channelId":3}
2016-11-07 14:37:32
false
2016-11-07 17:43:34
commoncgi.dev.wepiao.com/vote-manager/update
2016-11-07 17:43:34
{"arrVoteData":{"id":"1","name":"\u6295\u7968\u540d\u79f0 genggai","endTime":1472009343,"picture":"\/uploads\/vote\/1\/66d7b29ffdbf50028c4a8ec03523f7a1.jpg","sharePicture":"\/uploads\/vote\/1\/e59690d67c01a2ce69517b13e349ee13.jpg","shareTitle":"\u5206\u4eab\u6807\u9898 ","shareContent":"\u5206\u4eab\u5185\u5bb9 ","sharePlatform":"[\"1\",\"2\"]","type":"3"},"arrMoviesData":["6033"],"arrAnswerData":[{"id":"1","fill":"8"},{"id":"2","fill":"40"}],"arrDelMovieIds":["6033"],"channelId":3}
2016-11-07 17:43:34
false
2016-11-07 18:16:46
commoncgi.dev.wepiao.com/vote-manager/update
2016-11-07 18:16:46
{"arrVoteData":{"id":"9","name":"\u79ef\u5206\u770b\u7535\u89c6\u5267","endTime":1478254530,"picture":"","sharePicture":"1","shareTitle":"\u4f5b\u6321\u6740\u4f5b","shareContent":"\u8303\u5fb7\u8428\u53d1\u751f","sharePlatform":"[\"6\",\"7\",\"1\",\"2\"]","type":"1"},"arrMoviesData":["6033"],"arrAnswerData":[{"id":"16","fill":"0"},{"id":"17","fill":"0"}],"arrDelMovieIds":["6033"],"channelId":3}
2016-11-07 18:16:46
false
2016-11-07 18:16:59
commoncgi.dev.wepiao.com/vote-manager/update
2016-11-07 18:16:59
{"arrVoteData":{"id":"9","name":"\u79ef\u5206\u770b\u7535\u89c6\u5267","endTime":1478254530,"picture":"","sharePicture":"1","shareTitle":"\u4f5b\u6321\u6740\u4f5b","shareContent":"\u8303\u5fb7\u8428\u53d1\u751f","sharePlatform":"[\"6\",\"7\",\"1\",\"2\"]","type":"1"},"arrMoviesData":["6033"],"arrAnswerData":[{"id":"16","fill":"3"},{"id":"17","fill":"4"}],"arrDelMovieIds":["6033"],"channelId":3}
2016-11-07 18:16:59
false
2016-11-07 18:29:26
commoncgi.dev.wepiao.com/vote-manager/update
2016-11-07 18:29:26
{"arrVoteData":{"id":"9","name":"\u79ef\u5206\u770b\u7535\u89c6\u5267","endTime":1478254530,"picture":"","sharePicture":"1","shareTitle":"\u4f5b\u6321\u6740\u4f5b","shareContent":"\u8303\u5fb7\u8428\u53d1\u751f","sharePlatform":"[\"6\",\"7\",\"1\",\"2\"]","type":"1"},"arrMoviesData":["6033"],"arrAnswerData":[{"id":"16","fill":"3"},{"id":"17","fill":"4"}],"arrDelMovieIds":["6033"],"channelId":3}
2016-11-07 18:29:26
false
2016-11-07 19:05:21
commoncgi.dev.wepiao.com/vote-manager/update
2016-11-07 19:05:21
{"arrVoteData":{"id":"9","name":"\u79ef\u5206\u770b\u7535\u89c6\u5267","endTime":1478254530,"picture":"","sharePicture":"\/uploads\/vote\/9\/c3356550ced5598fc2e7fa0188a9b80d.jpg","shareTitle":"\u4f5b\u6321\u6740\u4f5b","shareContent":"\u8303\u5fb7\u8428\u53d1\u751f","sharePlatform":"[\"6\",\"7\",\"1\",\"2\"]","type":"1"},"arrMoviesData":["6033"],"arrAnswerData":[{"id":"16","fill":"3"},{"id":"17","fill":"4"}],"arrDelMovieIds":["6033"],"channelId":3}
2016-11-07 19:05:21
false
