2016-11-08 10:05:18
commoncgi.dev.wepiao.com/vote-manager/update
2016-11-08 10:05:18
{"arrVoteData":{"id":"10","name":"\u540d\u79f0","endTime":1478743241,"picture":"","sharePicture":"\/uploads\/vote\/10\/79db05973de10c5ba7031ad246c48b63.jpg","shareTitle":"\u526f\u4e66\u8bb0\u5f00\u53d1\u7684\u65f6\u523b\u51cf\u80a5\u5f00\u59cb\u7684\u51cf\u80a5\u5f00\u59cb\u5c31\u5ba2\u670d\u4e09\u7b49\u5956\u5f00\u623f\u5927\u53a6\u662f\u7535\u98ce\u6247\u7684\u8303\u5fb7\u8428\u8bf4\u7684","shareContent":"\u51cf\u80a5\u901f\u5ea6\u5feb\u673a","sharePlatform":"[\"6\",\"7\",\"1\",\"2\"]","type":"1"},"arrMoviesData":["6033"],"arrAnswerData":[{"id":"18","fill":"4"},{"id":"19","fill":"4"}],"arrDelMovieIds":["6033"],"channelId":3}
2016-11-08 10:05:18
false
2016-11-08 10:29:52
commoncgi.dev.wepiao.com/vote-manager/update
2016-11-08 10:29:52
{"arrVoteData":{"id":"11","name":"\u6d4b\u8bd5pk\u6295\u7968","endTime":1478793600,"picture":"","sharePicture":"\/uploads\/vote\/11\/c3356550ced5598fc2e7fa0188a9b80d.jpg","shareTitle":"\u5bcc\u5bb6\u5927\u5ba4\u5eb7\u590d\u79d1\u5ba2\u670d\u4e09\u7b49\u5956\u623f\u95f4\u770b","shareContent":"\u75af\u72c2\u7684\u6570\u636e\u5e93","sharePlatform":"[\"6\",\"7\",\"1\",\"2\"]","type":"3"},"arrMoviesData":["6033"],"arrAnswerData":[{"id":"20","fill":"0"},{"id":"21","fill":"0"}],"arrDelMovieIds":["6033"],"channelId":3}
2016-11-08 10:29:52
false
2016-11-08 16:38:30
commoncgi.dev.wepiao.com/vote-manager/update
2016-11-08 16:38:30
{"arrVoteData":{"id":"29","name":"\u6295\u7968\u540d\u79f0","endTime":1479369147,"picture":"","sharePicture":"\/uploads\/vote\/29\/c3356550ced5598fc2e7fa0188a9b80d.jpg","shareTitle":"\u6807\u9898","shareContent":"\u5185\u5bb9","sharePlatform":"[\"6\",\"7\",\"1\",\"2\"]","type":"3"},"arrMoviesData":["6033"],"arrAnswerData":[{"id":"35","fill":""},{"id":"36","fill":"55555"}],"arrDelMovieIds":["6033"],"channelId":3}
2016-11-08 16:38:30
false
2016-11-08 16:43:47
commoncgi.dev.wepiao.com/vote-manager/update
2016-11-08 16:43:47
{"arrVoteData":{"id":"28","name":"\u6295\u7968\u540d\u79f0","endTime":1479887286,"picture":"","sharePicture":"\/uploads\/vote\/28\/10834cbfd2b9a8b2cf6d3007f74a62f5.jpg","shareTitle":"\u6807\u9898\u6d4b\u8bd5","shareContent":"\u5185\u5bb9\u6d4b\u8bd5","sharePlatform":"[\"6\",\"7\",\"1\",\"2\"]","type":"3"},"arrMoviesData":["6033"],"arrAnswerData":[{"id":"33","fill":"56"},{"id":"34","fill":"66"}],"arrDelMovieIds":["6033"],"channelId":3}
2016-11-08 16:43:47
false
2016-11-08 17:06:24
commoncgi.dev.wepiao.com/vote-manager/update
2016-11-08 17:06:24
{"arrVoteData":{"id":"25","name":"\u4f1a\u5206\u5f00\u6536\u7535\u8d39","endTime":1478762134,"picture":"\/uploads\/vote\/25\/aec7732f21c73d756cfc58e891e7117b.jpg","sharePicture":"\/uploads\/vote\/25\/c3356550ced5598fc2e7fa0188a9b80d.jpg","shareTitle":"\u5206\u4eab\u6807\u9898i","shareContent":"\u5206\u9500\u5185\u5bb9","sharePlatform":"[\"6\",\"7\",\"1\",\"2\"]","type":"1"},"arrMoviesData":["6033"],"arrAnswerData":[],"arrDelMovieIds":[],"channelId":3}
2016-11-08 17:06:24
false
2016-11-08 17:30:02
commoncgi.dev.wepiao.com/vote-manager/update
2016-11-08 17:30:02
{"arrVoteData":{"id":"11","name":"\u6d4b\u8bd5pk\u6295\u7968","endTime":1478793600,"picture":"","sharePicture":"\/uploads\/vote\/11\/c3356550ced5598fc2e7fa0188a9b80d.jpg","shareTitle":"\u5bcc\u5bb6\u5927\u5ba4\u5eb7\u590d\u79d1\u5ba2\u670d\u4e09\u7b49\u5956\u623f\u95f4\u770b","shareContent":"\u75af\u72c2\u7684\u6570\u636e\u5e93","sharePlatform":"[\"6\",\"7\",\"1\",\"2\"]","type":"3"},"arrMoviesData":["6033"],"arrAnswerData":[{"id":"20","fill":"2"},{"id":"21","fill":"0"}],"arrDelMovieIds":["6033"],"channelId":3}
2016-11-08 17:30:02
false
